./kv_server 33751 33751
logread
1527878385940:	get_view(1): returns 33751
1527878385941:	config::reconstruct: 1 33751
1527878385941:	commit_change: new view (1)  last vs (0,0) 33751 insync 0
1527878385941:	heartbeater: go to sleep
1527878385941:	get_view(1): returns 33751
1527878385941:	get_view(0): returns 
1527878385941:	set_primary: primary stays 33751
1527878385941:	get_view(1): returns 33751
1527878385942:	get_view(1): returns 33751
1527878385942:	recovery: sync vid_insync 1
1527878385942:	primary sync with slaves
1527878385942:	get_view(1): returns 33751
1527878385942:	all slaves finish sync
1527878385942:	recovery: sync done
1527878385942:	recovery: go to sleep 0 0
1527878388004:	get_view(1): returns 33751
1527878388005:	heartbeater: current membership 33751
1527878388005:	heartbeater: go to sleep
1527878391000:	get_view(1): returns 33751
1527878391000:	heartbeater: current membership 33751
1527878391000:	heartbeater: go to sleep
1527878394006:	get_view(1): returns 33751
1527878394006:	heartbeater: current membership 33751
1527878394006:	heartbeater: go to sleep
1527878397008:	get_view(1): returns 33751
1527878397008:	heartbeater: current membership 33751
1527878397008:	heartbeater: go to sleep
